<?xml version="1.0" encoding="UTF-8"?>
<TestRun id="b077d6ad-5524-41ee-8c18-2881f62b3e3f" name="isak@ISAK-LAPTOP 2011-02-18 11:09:58" runUser="isak-laptop\isak" xmlns="http://microsoft.com/schemas/VisualStudio/TeamTest/2010">
  <TestSettings name="Local" id="f2b3f5d2-864a-4b9b-8d80-6c6f689129fb">
    <Description>These are default test settings for a local test run.</Description>
    <Deployment enabled="false" runDeploymentRoot="isak_ISAK-LAPTOP 2011-02-18 11_09_58">
      <DeploymentItem filename="C:\Users\isak\Documents\Visual Studio 2010\Projects\ILang\ILang.Backend\bin\Debug\ILang.Backend.dll" />
      <DeploymentItem filename="C:\Users\isak\Documents\Visual Studio 2010\Projects\ILang\ILang.Mediator\bin\Debug\ILang.Mediator.dll" />
      <DeploymentItem filename="C:\Users\isak\Documents\Visual Studio 2010\Projects\ILang\ILang.Runtime\bin\Debug\ILang.Runtime.exe" />
      <DeploymentItem filename="C:\Users\isak\Documents\Visual Studio 2010\Projects\ILang\ILang\bin\Debug\ILang.Frontend.dll" />
    </Deployment>
    <Execution>
      <TestTypeSpecific />
      <AgentRule name="Execution Agents">
      </AgentRule>
    </Execution>
  </TestSettings>
  <Times creation="2011-02-18T11:09:58.4121680+01:00" queuing="2011-02-18T11:10:00.6732973+01:00" start="2011-02-18T11:10:00.9283119+01:00" finish="2011-02-18T11:10:01.5723487+01:00" />
  <ResultSummary outcome="Completed">
    <Counters total="1" executed="1" passed="1" error="0" failed="0" timeout="0" aborted="0" inconclusive="0" passedButRunAborted="0" notRunnable="0" notExecuted="0" disconnected="0" warning="0" completed="0" inProgress="0" pending="0" />
  </ResultSummary>
  <TestDefinitions>
    <UnitTest name="ILangTokenTypeNotEqual" storage="c:\users\isak\documents\visual studio 2010\projects\ilang\ilang.test\bin\debug\ilang.test.dll" id="6a28ccb8-9eea-61a5-e40b-035774f14253">
      <Execution id="824e76df-c161-41e7-8588-1a01d6f2712d" />
      <TestMethod codeBase="C:/Users/isak/Documents/Visual Studio 2010/Projects/ILang/ILang.Test/bin/Debug/ILang.Test.DLL" adapterTypeName="Microsoft.VisualStudio.TestTools.TestTypes.Unit.UnitTestAdapter, Microsoft.VisualStudio.QualityTools.Tips.UnitTest.Adapter, Version=10.0.0.0, Culture=neutral, PublicKeyToken=b03f5f7f11d50a3a" className="ILang.Test.UnitTest1, ILang.Test, Version=1.0.0.0, Culture=neutral, PublicKeyToken=null" name="ILangTokenTypeNotEqual" />
    </UnitTest>
  </TestDefinitions>
  <TestLists>
    <TestList name="Results Not in a List" id="8c84fa94-04c1-424b-9868-57a2d4851a1d" />
    <TestList name="All Loaded Results" id="19431567-8539-422a-85d7-44ee4e166bda" />
  </TestLists>
  <TestEntries>
    <TestEntry testId="6a28ccb8-9eea-61a5-e40b-035774f14253" executionId="824e76df-c161-41e7-8588-1a01d6f2712d" testListId="8c84fa94-04c1-424b-9868-57a2d4851a1d" />
  </TestEntries>
  <Results>
    <UnitTestResult executionId="824e76df-c161-41e7-8588-1a01d6f2712d" testId="6a28ccb8-9eea-61a5-e40b-035774f14253" testName="ILangTokenTypeNotEqual" computerName="ISAK-LAPTOP" duration="00:00:00.0411226" startTime="2011-02-18T11:10:00.9683142+01:00" endTime="2011-02-18T11:10:01.5403469+01:00" testType="13cdc9d9-ddb5-4fa4-a97d-d965ccfc6d4b" outcome="Passed" testListId="8c84fa94-04c1-424b-9868-57a2d4851a1d" relativeResultsDirectory="824e76df-c161-41e7-8588-1a01d6f2712d">
    </UnitTestResult>
  </Results>
</TestRun>