<?xml version="1.0" encoding="UTF-8"?>
<TestRun id="073532d4-9845-4ccb-86bc-8debbcfb5bd7" name="isak@ISAK-LAPTOP 2011-02-18 11:12:16" runUser="isak-laptop\isak" xmlns="http://microsoft.com/schemas/VisualStudio/TeamTest/2010">
  <TestSettings name="Local" id="f2b3f5d2-864a-4b9b-8d80-6c6f689129fb">
    <Description>These are default test settings for a local test run.</Description>
    <Deployment enabled="false" runDeploymentRoot="isak_ISAK-LAPTOP 2011-02-18 11_12_16">
      <DeploymentItem filename="C:\Users\isak\Documents\Visual Studio 2010\Projects\ILang\ILang.Backend\bin\Debug\ILang.Backend.dll" />
      <DeploymentItem filename="C:\Users\isak\Documents\Visual Studio 2010\Projects\ILang\ILang.Mediator\bin\Debug\ILang.Mediator.dll" />
      <DeploymentItem filename="C:\Users\isak\Documents\Visual Studio 2010\Projects\ILang\ILang.Runtime\bin\Debug\ILang.Runtime.exe" />
      <DeploymentItem filename="C:\Users\isak\Documents\Visual Studio 2010\Projects\ILang\ILang\bin\Debug\ILang.Frontend.dll" />
    </Deployment>
    <Execution>
      <TestTypeSpecific />
      <AgentRule name="Execution Agents">
      </AgentRule>
    </Execution>
  </TestSettings>
  <Times creation="2011-02-18T11:12:16.8200844+01:00" queuing="2011-02-18T11:12:16.8230846+01:00" start="2011-02-18T11:12:17.0530978+01:00" finish="2011-02-18T11:12:17.0690987+01:00" />
  <ResultSummary outcome="Completed">
    <Counters total="2" executed="2" passed="2" error="0" failed="0" timeout="0" aborted="0" inconclusive="0" passedButRunAborted="0" notRunnable="0" notExecuted="0" disconnected="0" warning="0" completed="0" inProgress="0" pending="0" />
  </ResultSummary>
  <TestDefinitions>
    <UnitTest name="AreEqual" storage="c:\users\isak\documents\visual studio 2010\projects\ilang\ilang.test\bin\debug\ilang.test.dll" id="94e45ea1-0a9b-6565-11e1-daaff27691f6">
      <Execution id="89c6aaf9-c703-411c-b1ba-94289f187130" />
      <TestMethod codeBase="C:/Users/isak/Documents/Visual Studio 2010/Projects/ILang/ILang.Test/bin/Debug/ILang.Test.DLL" adapterTypeName="Microsoft.VisualStudio.TestTools.TestTypes.Unit.UnitTestAdapter, Microsoft.VisualStudio.QualityTools.Tips.UnitTest.Adapter, Version=10.0.0.0, Culture=neutral, PublicKeyToken=b03f5f7f11d50a3a" className="ILang.Test.ILangTokenTypeTest, ILang.Test, Version=1.0.0.0, Culture=neutral, PublicKeyToken=null" name="AreEqual" />
    </UnitTest>
    <UnitTest name="AreNotEqual" storage="c:\users\isak\documents\visual studio 2010\projects\ilang\ilang.test\bin\debug\ilang.test.dll" id="b03f5136-a976-9ca6-a353-2312a2c2ed71">
      <Execution id="b888fd27-b159-4e36-8c27-9918fb9ae1dc" />
      <TestMethod codeBase="C:/Users/isak/Documents/Visual Studio 2010/Projects/ILang/ILang.Test/bin/Debug/ILang.Test.DLL" adapterTypeName="Microsoft.VisualStudio.TestTools.TestTypes.Unit.UnitTestAdapter, Microsoft.VisualStudio.QualityTools.Tips.UnitTest.Adapter, Version=10.0.0.0, Culture=neutral, PublicKeyToken=b03f5f7f11d50a3a" className="ILang.Test.ILangTokenTypeTest, ILang.Test, Version=1.0.0.0, Culture=neutral, PublicKeyToken=null" name="AreNotEqual" />
    </UnitTest>
  </TestDefinitions>
  <TestLists>
    <TestList name="Results Not in a List" id="8c84fa94-04c1-424b-9868-57a2d4851a1d" />
    <TestList name="All Loaded Results" id="19431567-8539-422a-85d7-44ee4e166bda" />
  </TestLists>
  <TestEntries>
    <TestEntry testId="94e45ea1-0a9b-6565-11e1-daaff27691f6" executionId="89c6aaf9-c703-411c-b1ba-94289f187130" testListId="8c84fa94-04c1-424b-9868-57a2d4851a1d" />
    <TestEntry testId="b03f5136-a976-9ca6-a353-2312a2c2ed71" executionId="b888fd27-b159-4e36-8c27-9918fb9ae1dc" testListId="8c84fa94-04c1-424b-9868-57a2d4851a1d" />
  </TestEntries>
  <Results>
    <UnitTestResult executionId="89c6aaf9-c703-411c-b1ba-94289f187130" testId="94e45ea1-0a9b-6565-11e1-daaff27691f6" testName="AreEqual" computerName="ISAK-LAPTOP" duration="00:00:00.0140492" startTime="2011-02-18T11:12:16.8350853+01:00" endTime="2011-02-18T11:12:17.0300965+01:00" testType="13cdc9d9-ddb5-4fa4-a97d-d965ccfc6d4b" outcome="Passed" testListId="8c84fa94-04c1-424b-9868-57a2d4851a1d" relativeResultsDirectory="89c6aaf9-c703-411c-b1ba-94289f187130">
    </UnitTestResult>
    <UnitTestResult executionId="b888fd27-b159-4e36-8c27-9918fb9ae1dc" testId="b03f5136-a976-9ca6-a353-2312a2c2ed71" testName="AreNotEqual" computerName="ISAK-LAPTOP" duration="00:00:00.0003674" startTime="2011-02-18T11:12:17.0320966+01:00" endTime="2011-02-18T11:12:17.0370969+01:00" testType="13cdc9d9-ddb5-4fa4-a97d-d965ccfc6d4b" outcome="Passed" testListId="8c84fa94-04c1-424b-9868-57a2d4851a1d" relativeResultsDirectory="b888fd27-b159-4e36-8c27-9918fb9ae1dc">
    </UnitTestResult>
  </Results>
</TestRun>