<?xml version="1.0" encoding="UTF-8"?>
<TestRun id="145506c0-cc02-4678-8d7f-f9559f9baff9" name="isak@ISAK-LAPTOP 2011-02-18 11:14:17" runUser="isak-laptop\isak" xmlns="http://microsoft.com/schemas/VisualStudio/TeamTest/2010">
  <TestSettings name="Local" id="f2b3f5d2-864a-4b9b-8d80-6c6f689129fb">
    <Description>These are default test settings for a local test run.</Description>
    <Deployment userDeploymentRoot="C:\Users\isak\Documents\Visual Studio 2010\Projects\ILang\TestResults" useDefaultDeploymentRoot="false" enabled="false" runDeploymentRoot="isak_ISAK-LAPTOP 2011-02-18 11_14_17">
      <DeploymentItem filename="C:\Users\isak\Documents\Visual Studio 2010\Projects\ILang\ILang.Backend\bin\Debug\ILang.Backend.dll" />
      <DeploymentItem filename="C:\Users\isak\Documents\Visual Studio 2010\Projects\ILang\ILang.Mediator\bin\Debug\ILang.Mediator.dll" />
      <DeploymentItem filename="C:\Users\isak\Documents\Visual Studio 2010\Projects\ILang\ILang.Runtime\bin\Debug\ILang.Runtime.exe" />
      <DeploymentItem filename="C:\Users\isak\Documents\Visual Studio 2010\Projects\ILang\ILang\bin\Debug\ILang.Frontend.dll" />
    </Deployment>
    <Execution>
      <TestTypeSpecific />
      <AgentRule name="Execution Agents">
      </AgentRule>
    </Execution>
  </TestSettings>
  <Times creation="2011-02-18T11:14:17.0549615+01:00" queuing="2011-02-18T11:14:19.1860834+01:00" start="2011-02-18T11:14:19.2500870+01:00" finish="2011-02-18T11:14:20.4961583+01:00" />
  <ResultSummary outcome="Completed">
    <Counters total="4" executed="4" passed="4" error="0" failed="0" timeout="0" aborted="0" inconclusive="0" passedButRunAborted="0" notRunnable="0" notExecuted="0" disconnected="0" warning="0" completed="0" inProgress="0" pending="0" />
  </ResultSummary>
  <TestDefinitions>
    <UnitTest name="Equal" storage="c:\users\isak\documents\visual studio 2010\projects\ilang\ilang.test\bin\debug\ilang.test.dll" id="d7fbe302-5ce5-72d6-76de-46a65cdb3ba7">
      <Execution id="c59ab834-f177-4fc8-8d8f-3eb0b4d0e3f9" />
      <TestMethod codeBase="C:/Users/isak/Documents/Visual Studio 2010/Projects/ILang/ILang.Test/bin/Debug/ILang.Test.DLL" adapterTypeName="Microsoft.VisualStudio.TestTools.TestTypes.Unit.UnitTestAdapter, Microsoft.VisualStudio.QualityTools.Tips.UnitTest.Adapter, Version=10.0.0.0, Culture=neutral, PublicKeyToken=b03f5f7f11d50a3a" className="ILang.Test.ILangTokenTypeTest, ILang.Test, Version=1.0.0.0, Culture=neutral, PublicKeyToken=null" name="Equal" />
    </UnitTest>
    <UnitTest name="CreateInvalid" storage="c:\users\isak\documents\visual studio 2010\projects\ilang\ilang.test\bin\debug\ilang.test.dll" id="02da5a01-5726-712e-2756-691aaa3f8eb8">
      <Execution id="f843e1fc-ed8c-4625-b660-7f7dd030de70" />
      <TestMethod codeBase="C:/Users/isak/Documents/Visual Studio 2010/Projects/ILang/ILang.Test/bin/Debug/ILang.Test.DLL" adapterTypeName="Microsoft.VisualStudio.TestTools.TestTypes.Unit.UnitTestAdapter, Microsoft.VisualStudio.QualityTools.Tips.UnitTest.Adapter, Version=10.0.0.0, Culture=neutral, PublicKeyToken=b03f5f7f11d50a3a" className="ILang.Test.ILangTokenTypeTest, ILang.Test, Version=1.0.0.0, Culture=neutral, PublicKeyToken=null" name="CreateInvalid" />
    </UnitTest>
    <UnitTest name="NotEqual" storage="c:\users\isak\documents\visual studio 2010\projects\ilang\ilang.test\bin\debug\ilang.test.dll" id="81628050-c49c-db4a-1b96-f2b4851b2622">
      <Execution id="367b6bc4-ca8e-4fb8-b198-e07cdbd0951f" />
      <TestMethod codeBase="C:/Users/isak/Documents/Visual Studio 2010/Projects/ILang/ILang.Test/bin/Debug/ILang.Test.DLL" adapterTypeName="Microsoft.VisualStudio.TestTools.TestTypes.Unit.UnitTestAdapter, Microsoft.VisualStudio.QualityTools.Tips.UnitTest.Adapter, Version=10.0.0.0, Culture=neutral, PublicKeyToken=b03f5f7f11d50a3a" className="ILang.Test.ILangTokenTypeTest, ILang.Test, Version=1.0.0.0, Culture=neutral, PublicKeyToken=null" name="NotEqual" />
    </UnitTest>
    <UnitTest name="CreateValid" storage="c:\users\isak\documents\visual studio 2010\projects\ilang\ilang.test\bin\debug\ilang.test.dll" id="c5babcde-3902-cf74-41cf-071ef696a243">
      <Execution id="bdbb16c1-5c29-427e-a6bd-5ffdf3e5d66d" />
      <TestMethod codeBase="C:/Users/isak/Documents/Visual Studio 2010/Projects/ILang/ILang.Test/bin/Debug/ILang.Test.DLL" adapterTypeName="Microsoft.VisualStudio.TestTools.TestTypes.Unit.UnitTestAdapter, Microsoft.VisualStudio.QualityTools.Tips.UnitTest.Adapter, Version=10.0.0.0, Culture=neutral, PublicKeyToken=b03f5f7f11d50a3a" className="ILang.Test.ILangTokenTypeTest, ILang.Test, Version=1.0.0.0, Culture=neutral, PublicKeyToken=null" name="CreateValid" />
    </UnitTest>
  </TestDefinitions>
  <TestLists>
    <TestList name="Results Not in a List" id="8c84fa94-04c1-424b-9868-57a2d4851a1d" />
    <TestList name="All Loaded Results" id="19431567-8539-422a-85d7-44ee4e166bda" />
  </TestLists>
  <TestEntries>
    <TestEntry testId="02da5a01-5726-712e-2756-691aaa3f8eb8" executionId="f843e1fc-ed8c-4625-b660-7f7dd030de70" testListId="8c84fa94-04c1-424b-9868-57a2d4851a1d" />
    <TestEntry testId="81628050-c49c-db4a-1b96-f2b4851b2622" executionId="367b6bc4-ca8e-4fb8-b198-e07cdbd0951f" testListId="8c84fa94-04c1-424b-9868-57a2d4851a1d" />
    <TestEntry testId="c5babcde-3902-cf74-41cf-071ef696a243" executionId="bdbb16c1-5c29-427e-a6bd-5ffdf3e5d66d" testListId="8c84fa94-04c1-424b-9868-57a2d4851a1d" />
    <TestEntry testId="d7fbe302-5ce5-72d6-76de-46a65cdb3ba7" executionId="c59ab834-f177-4fc8-8d8f-3eb0b4d0e3f9" testListId="8c84fa94-04c1-424b-9868-57a2d4851a1d" />
  </TestEntries>
  <Results>
    <UnitTestResult executionId="f843e1fc-ed8c-4625-b660-7f7dd030de70" testId="02da5a01-5726-712e-2756-691aaa3f8eb8" testName="CreateInvalid" computerName="ISAK-LAPTOP" duration="00:00:00.0960735" startTime="2011-02-18T11:14:19.3010900+01:00" endTime="2011-02-18T11:14:20.1411380+01:00" testType="13cdc9d9-ddb5-4fa4-a97d-d965ccfc6d4b" outcome="Passed" testListId="8c84fa94-04c1-424b-9868-57a2d4851a1d" relativeResultsDirectory="f843e1fc-ed8c-4625-b660-7f7dd030de70">
    </UnitTestResult>
    <UnitTestResult executionId="367b6bc4-ca8e-4fb8-b198-e07cdbd0951f" testId="81628050-c49c-db4a-1b96-f2b4851b2622" testName="NotEqual" computerName="ISAK-LAPTOP" duration="00:00:00.0010779" startTime="2011-02-18T11:14:20.1721398+01:00" endTime="2011-02-18T11:14:20.1841405+01:00" testType="13cdc9d9-ddb5-4fa4-a97d-d965ccfc6d4b" outcome="Passed" testListId="8c84fa94-04c1-424b-9868-57a2d4851a1d" relativeResultsDirectory="367b6bc4-ca8e-4fb8-b198-e07cdbd0951f">
    </UnitTestResult>
    <UnitTestResult executionId="bdbb16c1-5c29-427e-a6bd-5ffdf3e5d66d" testId="c5babcde-3902-cf74-41cf-071ef696a243" testName="CreateValid" computerName="ISAK-LAPTOP" duration="00:00:00.0003112" startTime="2011-02-18T11:14:20.1921409+01:00" endTime="2011-02-18T11:14:20.2021415+01:00" testType="13cdc9d9-ddb5-4fa4-a97d-d965ccfc6d4b" outcome="Passed" testListId="8c84fa94-04c1-424b-9868-57a2d4851a1d" relativeResultsDirectory="bdbb16c1-5c29-427e-a6bd-5ffdf3e5d66d">
    </UnitTestResult>
    <UnitTestResult executionId="c59ab834-f177-4fc8-8d8f-3eb0b4d0e3f9" testId="d7fbe302-5ce5-72d6-76de-46a65cdb3ba7" testName="Equal" computerName="ISAK-LAPTOP" duration="00:00:00.0003970" startTime="2011-02-18T11:14:20.2101419+01:00" endTime="2011-02-18T11:14:20.2211426+01:00" testType="13cdc9d9-ddb5-4fa4-a97d-d965ccfc6d4b" outcome="Passed" testListId="8c84fa94-04c1-424b-9868-57a2d4851a1d" relativeResultsDirectory="c59ab834-f177-4fc8-8d8f-3eb0b4d0e3f9">
    </UnitTestResult>
  </Results>
</TestRun>