<?xml version="1.0" encoding="UTF-8"?>
<TestRun id="74e066b9-c299-4b97-91a5-0d90d783d0ed" name="isak@ISAK-LAPTOP 2011-02-18 11:11:52" runUser="isak-laptop\isak" xmlns="http://microsoft.com/schemas/VisualStudio/TeamTest/2010">
  <TestSettings name="Local" id="f2b3f5d2-864a-4b9b-8d80-6c6f689129fb">
    <Description>These are default test settings for a local test run.</Description>
    <Deployment enabled="false" runDeploymentRoot="isak_ISAK-LAPTOP 2011-02-18 11_11_52">
      <DeploymentItem filename="C:\Users\isak\Documents\Visual Studio 2010\Projects\ILang\ILang.Backend\bin\Debug\ILang.Backend.dll" />
      <DeploymentItem filename="C:\Users\isak\Documents\Visual Studio 2010\Projects\ILang\ILang.Mediator\bin\Debug\ILang.Mediator.dll" />
      <DeploymentItem filename="C:\Users\isak\Documents\Visual Studio 2010\Projects\ILang\ILang.Runtime\bin\Debug\ILang.Runtime.exe" />
      <DeploymentItem filename="C:\Users\isak\Documents\Visual Studio 2010\Projects\ILang\ILang\bin\Debug\ILang.Frontend.dll" />
    </Deployment>
    <Execution>
      <TestTypeSpecific />
      <AgentRule name="Execution Agents">
      </AgentRule>
    </Execution>
  </TestSettings>
  <Times creation="2011-02-18T11:11:52.2776807+01:00" queuing="2011-02-18T11:11:52.2896814+01:00" start="2011-02-18T11:11:52.3026821+01:00" finish="2011-02-18T11:11:52.5406957+01:00" />
  <ResultSummary outcome="Failed">
    <Counters total="2" executed="2" passed="1" error="0" failed="1" timeout="0" aborted="0" inconclusive="0" passedButRunAborted="0" notRunnable="0" notExecuted="0" disconnected="0" warning="0" completed="0" inProgress="0" pending="0" />
  </ResultSummary>
  <TestDefinitions>
    <UnitTest name="AreEqual" storage="c:\users\isak\documents\visual studio 2010\projects\ilang\ilang.test\bin\debug\ilang.test.dll" id="94e45ea1-0a9b-6565-11e1-daaff27691f6">
      <Execution id="f4e18e18-2f1d-4b44-8df4-2dd0e3a392e3" />
      <TestMethod codeBase="C:/Users/isak/Documents/Visual Studio 2010/Projects/ILang/ILang.Test/bin/Debug/ILang.Test.DLL" adapterTypeName="Microsoft.VisualStudio.TestTools.TestTypes.Unit.UnitTestAdapter, Microsoft.VisualStudio.QualityTools.Tips.UnitTest.Adapter, Version=10.0.0.0, Culture=neutral, PublicKeyToken=b03f5f7f11d50a3a" className="ILang.Test.ILangTokenTypeTest, ILang.Test, Version=1.0.0.0, Culture=neutral, PublicKeyToken=null" name="AreEqual" />
    </UnitTest>
    <UnitTest name="AreNotEqual" storage="c:\users\isak\documents\visual studio 2010\projects\ilang\ilang.test\bin\debug\ilang.test.dll" id="b03f5136-a976-9ca6-a353-2312a2c2ed71">
      <Execution id="02ad8fed-32bb-4611-81fc-e259fdb0634d" />
      <TestMethod codeBase="C:/Users/isak/Documents/Visual Studio 2010/Projects/ILang/ILang.Test/bin/Debug/ILang.Test.DLL" adapterTypeName="Microsoft.VisualStudio.TestTools.TestTypes.Unit.UnitTestAdapter, Microsoft.VisualStudio.QualityTools.Tips.UnitTest.Adapter, Version=10.0.0.0, Culture=neutral, PublicKeyToken=b03f5f7f11d50a3a" className="ILang.Test.ILangTokenTypeTest, ILang.Test, Version=1.0.0.0, Culture=neutral, PublicKeyToken=null" name="AreNotEqual" />
    </UnitTest>
  </TestDefinitions>
  <TestLists>
    <TestList name="Results Not in a List" id="8c84fa94-04c1-424b-9868-57a2d4851a1d" />
    <TestList name="All Loaded Results" id="19431567-8539-422a-85d7-44ee4e166bda" />
  </TestLists>
  <TestEntries>
    <TestEntry testId="94e45ea1-0a9b-6565-11e1-daaff27691f6" executionId="f4e18e18-2f1d-4b44-8df4-2dd0e3a392e3" testListId="8c84fa94-04c1-424b-9868-57a2d4851a1d" />
    <TestEntry testId="b03f5136-a976-9ca6-a353-2312a2c2ed71" executionId="02ad8fed-32bb-4611-81fc-e259fdb0634d" testListId="8c84fa94-04c1-424b-9868-57a2d4851a1d" />
  </TestEntries>
  <Results>
    <UnitTestResult executionId="f4e18e18-2f1d-4b44-8df4-2dd0e3a392e3" testId="94e45ea1-0a9b-6565-11e1-daaff27691f6" testName="AreEqual" computerName="ISAK-LAPTOP" duration="00:00:00.0141128" startTime="2011-02-18T11:11:52.3056823+01:00" endTime="2011-02-18T11:11:52.5036936+01:00" testType="13cdc9d9-ddb5-4fa4-a97d-d965ccfc6d4b" outcome="Passed" testListId="8c84fa94-04c1-424b-9868-57a2d4851a1d" relativeResultsDirectory="f4e18e18-2f1d-4b44-8df4-2dd0e3a392e3">
    </UnitTestResult>
    <UnitTestResult executionId="02ad8fed-32bb-4611-81fc-e259fdb0634d" testId="b03f5136-a976-9ca6-a353-2312a2c2ed71" testName="AreNotEqual" computerName="ISAK-LAPTOP" duration="00:00:00.0166858" startTime="2011-02-18T11:11:52.5066938+01:00" endTime="2011-02-18T11:11:52.5286951+01:00" testType="13cdc9d9-ddb5-4fa4-a97d-d965ccfc6d4b" outcome="Failed" testListId="8c84fa94-04c1-424b-9868-57a2d4851a1d" relativeResultsDirectory="02ad8fed-32bb-4611-81fc-e259fdb0634d">
      <Output>
        <ErrorInfo>
          <Message>Assert.IsTrue failed. </Message>
          <StackTrace>   at ILang.Test.ILangTokenTypeTest.AreNotEqual() in C:\Users\isak\Documents\Visual Studio 2010\Projects\ILang\ILang.Test\ILangTokenTypeTest.cs:line 30
</StackTrace>
        </ErrorInfo>
      </Output>
    </UnitTestResult>
  </Results>
</TestRun>